<?xml version="1.0" encoding="UTF-8"?>
<!-- Generated by org.testng.reporters.JUnitReportReporter -->
<testsuite hostname="LAKSHMAN-PC" failures="0" tests="3" name="FrameworksPortion.dataProviders$dataP2" time="0.047" errors="0" timestamp="2024-12-24T11:54:56 IST" skipped="0">
  <testcase classname="FrameworksPortion.dataProviders$dataP2" name="mobileLoani" time="0.005"/>
  <testcase classname="FrameworksPortion.dataProviders$dataP2" name="mobileLoani" time="0.029"/>
  <testcase classname="FrameworksPortion.dataProviders$dataP2" name="mobileLoani" time="0.013"/>
</testsuite> <!-- FrameworksPortion.dataProviders$dataP2 -->
