<?xml version="1.0" encoding="UTF-8"?>
<!-- Generated by org.testng.reporters.JUnitReportReporter -->
<testsuite hostname="LAKSHMAN-PC" failures="0" tests="3" name="rama.sita.dataP2" time="0.065" errors="0" timestamp="2024-12-24T10:37:37 IST" skipped="0">
  <testcase classname="rama.sita.dataP2" name="mobileLoan" time="0.032"/>
  <testcase classname="rama.sita.dataP2" name="mobileLoan" time="0.003"/>
  <testcase classname="rama.sita.dataP2" name="mobileLoan" time="0.030"/>
</testsuite> <!-- rama.sita.dataP2 -->
